<?xml version="1.0" encoding="UTF-8"?>
<!-- Generated by org.testng.reporters.JUnitXMLReporter -->
<testsuite hostname="CBT-2F-301" ignored="1" name="FirefoxTest" tests="1" failures="0" timestamp="2021-04-12T09:14:18 IST" time="609.647" errors="0">
  <testcase name="verifyVersion" time="0.0" classname="com_AcitTime_Test.VerifyVersionTest">
    <skipped/>
  </testcase> <!-- verifyVersion -->
  <testcase name="invalidLogin" time="0.0" classname="com_AcitTime_Test.InvalidLoginTest">
    <ignored/>
  </testcase> <!-- invalidLogin -->
</testsuite> <!-- FirefoxTest -->
