<?xml version="1.0" encoding="UTF-8"?>
<!-- Generated by org.testng.reporters.JUnitXMLReporter -->
<testsuite hostname="CBT-2F-301" ignored="1" name="Test" tests="2" failures="0" timestamp="2021-04-12T08:24:15 IST" time="447.372" errors="0">
  <testcase name="validLoginLogout" time="14.551" classname="com_AcitTime_Test.ValidLoginLogoutTest"/>
  <testcase name="verifyVersion" time="0.25" classname="com_AcitTime_Test.VerifyVersionTest"/>
  <testcase name="invalidLogin" time="0.0" classname="com_AcitTime_Test.InvalidLoginTest">
    <ignored/>
  </testcase> <!-- invalidLogin -->
</testsuite> <!-- Test -->
