<?xml version="1.0" encoding="UTF-8"?>
<testng-results skipped="0" failed="0" ignored="0" total="1" passed="1">
  <reporter-output>
    <line>
      <![CDATA[demo git prg....]]>
    </line>
  </reporter-output>
  <suite name="Default suite" duration-ms="39" started-at="2021-04-16T08:04:04 IST" finished-at="2021-04-16T08:04:04 IST">
    <groups>
    </groups>
    <test name="Default test" duration-ms="39" started-at="2021-04-16T08:04:04 IST" finished-at="2021-04-16T08:04:04 IST">
      <class name="com_AcitTime_Test.demoGit">
        <test-method status="PASS" signature="testA()[pri:0, instance:com_AcitTime_Test.demoGit@3b0143d3]" name="testA" duration-ms="10" started-at="2021-04-16T08:04:04 IST" finished-at="2021-04-16T08:04:04 IST">
          <reporter-output>
            <line>
              <![CDATA[demo git prg....]]>
            </line>
          </reporter-output>
        </test-method> <!-- testA -->
      </class> <!-- com_AcitTime_Test.demoGit -->
    </test> <!-- Default test -->
  </suite> <!-- Default suite -->
</testng-results>
